Watching for file changes with StatReloader
/media/nayeem/New Volume/BrainiacLab/Backend/repo/brainiac_api/brainiaclab/course/views/admin_views.py changed, reloading.
Watching for file changes with StatReloader
Course data retrieved successfully.
Course data retrieved successfully.
Course data retrieved successfully.
Course data retrieved successfully.
Course data retrieved successfully.
Course data retrieved successfully.
Course data retrieved successfully.
Course data retrieved successfully.
Course data retrieved successfully.
Course data retrieved successfully.
Course data retrieved successfully.
Course data retrieved successfully.
Course data retrieved successfully.
/media/nayeem/New Volume/BrainiacLab/Backend/repo/brainiac_api/brainiaclab/brainiaclab/settings.py changed, reloading.
Watching for file changes with StatReloader
/media/nayeem/New Volume/BrainiacLab/Backend/repo/brainiac_api/brainiaclab/course/views/admin_views.py changed, reloading.
Watching for file changes with StatReloader
Batch data retrieved successfully.
Internal Server Error: /batch/
Traceback (most recent call last):
  File "/media/nayeem/New Volume/BrainiacLab/Backend/repo/brainiac_api/venv/lib/python3.10/site-packages/django/core/handlers/exception.py", line 55, in inner
    response = get_response(request)
  File "/media/nayeem/New Volume/BrainiacLab/Backend/repo/brainiac_api/venv/lib/python3.10/site-packages/django/core/handlers/base.py", line 220, in _get_response
    response = response.render()
  File "/media/nayeem/New Volume/BrainiacLab/Backend/repo/brainiac_api/venv/lib/python3.10/site-packages/django/template/response.py", line 114, in render
    self.content = self.rendered_content
  File "/media/nayeem/New Volume/BrainiacLab/Backend/repo/brainiac_api/venv/lib/python3.10/site-packages/rest_framework/response.py", line 74, in rendered_content
    ret = renderer.render(self.data, accepted_media_type, context)
  File "/media/nayeem/New Volume/BrainiacLab/Backend/repo/brainiac_api/venv/lib/python3.10/site-packages/rest_framework/renderers.py", line 99, in render
    ret = json.dumps(
  File "/media/nayeem/New Volume/BrainiacLab/Backend/repo/brainiac_api/venv/lib/python3.10/site-packages/rest_framework/utils/json.py", line 25, in dumps
    return json.dumps(*args, **kwargs)
  File "/usr/lib/python3.10/json/__init__.py", line 238, in dumps
    **kw).encode(obj)
  File "/usr/lib/python3.10/json/encoder.py", line 199, in encode
    chunks = self.iterencode(o, _one_shot=True)
  File "/usr/lib/python3.10/json/encoder.py", line 257, in iterencode
    return _iterencode(o, 0)
  File "/media/nayeem/New Volume/BrainiacLab/Backend/repo/brainiac_api/venv/lib/python3.10/site-packages/rest_framework/utils/encoders.py", line 67, in default
    return super().default(obj)
  File "/usr/lib/python3.10/json/encoder.py", line 179, in default
    raise TypeError(f'Object of type {o.__class__.__name__} '
TypeError: Object of type Course is not JSON serializable
/media/nayeem/New Volume/BrainiacLab/Backend/repo/brainiac_api/brainiaclab/course/views/admin_views.py changed, reloading.
Watching for file changes with StatReloader
/media/nayeem/New Volume/BrainiacLab/Backend/repo/brainiac_api/brainiaclab/course/views/admin_views.py changed, reloading.
Watching for file changes with StatReloader
Teacher assignments fetched successfully for batch 2.
Student enrollments fetched successfully for batch 2.
Student fees fetched successfully for batch 2.
Teacher payments fetched successfully for batch 2.
Teacher assignments fetched successfully for batch 3.
Student enrollments fetched successfully for batch 3.
Student fees fetched successfully for batch 3.
Teacher payments fetched successfully for batch 3.
Teacher assignments fetched successfully for batch 4.
Student enrollments fetched successfully for batch 4.
Student fees fetched successfully for batch 4.
Teacher payments fetched successfully for batch 4.
Teacher assignments fetched successfully for batch 5.
Student enrollments fetched successfully for batch 5.
Student fees fetched successfully for batch 5.
Teacher payments fetched successfully for batch 5.
Teacher assignments fetched successfully for batch 6.
Student enrollments fetched successfully for batch 6.
Student fees fetched successfully for batch 6.
Teacher payments fetched successfully for batch 6.
Batch data retrieved successfully.
Internal Server Error: /batch/
Traceback (most recent call last):
  File "/media/nayeem/New Volume/BrainiacLab/Backend/repo/brainiac_api/venv/lib/python3.10/site-packages/django/core/handlers/exception.py", line 55, in inner
    response = get_response(request)
  File "/media/nayeem/New Volume/BrainiacLab/Backend/repo/brainiac_api/venv/lib/python3.10/site-packages/django/core/handlers/base.py", line 220, in _get_response
    response = response.render()
  File "/media/nayeem/New Volume/BrainiacLab/Backend/repo/brainiac_api/venv/lib/python3.10/site-packages/django/template/response.py", line 114, in render
    self.content = self.rendered_content
  File "/media/nayeem/New Volume/BrainiacLab/Backend/repo/brainiac_api/venv/lib/python3.10/site-packages/rest_framework/response.py", line 74, in rendered_content
    ret = renderer.render(self.data, accepted_media_type, context)
  File "/media/nayeem/New Volume/BrainiacLab/Backend/repo/brainiac_api/venv/lib/python3.10/site-packages/rest_framework/renderers.py", line 99, in render
    ret = json.dumps(
  File "/media/nayeem/New Volume/BrainiacLab/Backend/repo/brainiac_api/venv/lib/python3.10/site-packages/rest_framework/utils/json.py", line 25, in dumps
    return json.dumps(*args, **kwargs)
  File "/usr/lib/python3.10/json/__init__.py", line 238, in dumps
    **kw).encode(obj)
  File "/usr/lib/python3.10/json/encoder.py", line 199, in encode
    chunks = self.iterencode(o, _one_shot=True)
  File "/usr/lib/python3.10/json/encoder.py", line 257, in iterencode
    return _iterencode(o, 0)
  File "/media/nayeem/New Volume/BrainiacLab/Backend/repo/brainiac_api/venv/lib/python3.10/site-packages/rest_framework/utils/encoders.py", line 67, in default
    return super().default(obj)
  File "/usr/lib/python3.10/json/encoder.py", line 179, in default
    raise TypeError(f'Object of type {o.__class__.__name__} '
TypeError: Object of type Course is not JSON serializable
/media/nayeem/New Volume/BrainiacLab/Backend/repo/brainiac_api/brainiaclab/course/views/admin_views.py changed, reloading.
Watching for file changes with StatReloader
/media/nayeem/New Volume/BrainiacLab/Backend/repo/brainiac_api/brainiaclab/course/views/admin_views.py changed, reloading.
Watching for file changes with StatReloader
/media/nayeem/New Volume/BrainiacLab/Backend/repo/brainiac_api/brainiaclab/course/views/admin_views.py changed, reloading.
Watching for file changes with StatReloader
/media/nayeem/New Volume/BrainiacLab/Backend/repo/brainiac_api/brainiaclab/course/views/admin_views.py changed, reloading.
Watching for file changes with StatReloader
/media/nayeem/New Volume/BrainiacLab/Backend/repo/brainiac_api/brainiaclab/course/views/admin_views.py changed, reloading.
Watching for file changes with StatReloader
/media/nayeem/New Volume/BrainiacLab/Backend/repo/brainiac_api/brainiaclab/course/views/admin_views.py changed, reloading.
Watching for file changes with StatReloader
/media/nayeem/New Volume/BrainiacLab/Backend/repo/brainiac_api/brainiaclab/course/views/admin_views.py changed, reloading.
Watching for file changes with StatReloader
/media/nayeem/New Volume/BrainiacLab/Backend/repo/brainiac_api/brainiaclab/course/views/admin_views.py changed, reloading.
Watching for file changes with StatReloader
/media/nayeem/New Volume/BrainiacLab/Backend/repo/brainiac_api/brainiaclab/course/views/admin_views.py changed, reloading.
Watching for file changes with StatReloader
/media/nayeem/New Volume/BrainiacLab/Backend/repo/brainiac_api/brainiaclab/course/views/admin_views.py changed, reloading.
Watching for file changes with StatReloader
An error occurred while fetching student enrollments: local variable 's_data' referenced before assignment
users found in batch successfully!
Student fees fetched successfully for batch.
Student fees fetched successfully for batch.
Student fees fetched successfully for batch.
Teacher payments fetched successfully for batch.
Teacher payments fetched successfully for batch.
Teacher payments fetched successfully for batch.
users found in batch successfully!
users found in batch successfully!
Student fees fetched successfully for batch.
Student fees fetched successfully for batch.
Student fees fetched successfully for batch.
users found in batch successfully!
users found in batch successfully!
Batch data retrieved successfully.
